/tmp/slurmd/job2096322/slurm_script: line 5: $'\302#SBATCH': command not found
Requirement already satisfied: keras in /mnt/storage/home/jc15502/.local/lib/python2.7/site-packages
Requirement already satisfied: scipy>=0.14 in /mnt/storage/easybuild/software/Python/2.7.12-foss-2016b/lib/python2.7/site-packages (from keras)
Requirement already satisfied: keras-preprocessing>=1.0.5 in /mnt/storage/home/jc15502/.local/lib/python2.7/site-packages (from keras)
Requirement already satisfied: numpy>=1.9.1 in /mnt/storage/easybuild/software/Python/2.7.12-foss-2016b/lib/python2.7/site-packages/numpy-1.11.1-py2.7-linux-x86_64.egg (from keras)
Requirement already satisfied: six>=1.9.0 in /mnt/storage/easybuild/software/Python/2.7.12-foss-2016b/lib/python2.7/site-packages/six-1.10.0-py2.7.egg (from keras)
Requirement already satisfied: pyyaml in /mnt/storage/home/jc15502/.local/lib/python2.7/site-packages (from keras)
Requirement already satisfied: h5py in /mnt/storage/home/jc15502/.local/lib/python2.7/site-packages (from keras)
Requirement already satisfied: keras-applications>=1.0.6 in /mnt/storage/home/jc15502/.local/lib/python2.7/site-packages (from keras)
You are using pip version 9.0.1, however version 19.1.1 is available.
You should consider upgrading via the 'pip install --upgrade pip' command.
Requirement already satisfied: h5py in /mnt/storage/home/jc15502/.local/lib/python2.7/site-packages
Requirement already satisfied: six in /mnt/storage/easybuild/software/Python/2.7.12-foss-2016b/lib/python2.7/site-packages/six-1.10.0-py2.7.egg (from h5py)
Requirement already satisfied: numpy>=1.7 in /mnt/storage/easybuild/software/Python/2.7.12-foss-2016b/lib/python2.7/site-packages/numpy-1.11.1-py2.7-linux-x86_64.egg (from h5py)
You are using pip version 9.0.1, however version 19.1.1 is available.
You should consider upgrading via the 'pip install --upgrade pip' command.
/tmp/slurmd/job2096322/slurm_script: line 16: cd: CaloriNet: No such file or directory
Using TensorFlow backend.
slurmstepd: error: Job 2096322 exceeded memory limit (4319428 > 1024000), being killed
slurmstepd: error: Exceeded job memory limit
slurmstepd: error: *** JOB 2096322 ON gpu01 CANCELLED AT 2019-05-13T16:50:04 ***
